2018-05-08 13:58:17,511bot.py[line:25] INFO session started.
2018-05-08 23:30:52,719bot.py[line:25] INFO session started.
2018-05-08 23:31:30,386bot.py[line:25] INFO session started.
2018-05-08 23:34:48,134twitter.py[line:107] INFO 计算原文中 url 个数和字符数...
2018-05-08 23:34:48,138twitter.py[line:110] INFO 正在生成短链接...
2018-05-08 23:41:14,327twitter.py[line:107] INFO 计算原文中 url 个数和字符数...
2018-05-08 23:41:14,332twitter.py[line:110] INFO 正在生成短链接...
2018-05-08 23:43:22,889bot.py[line:25] INFO session started.
2018-05-08 23:43:24,818twitter.py[line:107] INFO 计算原文中 url 个数和字符数...
2018-05-08 23:43:24,818twitter.py[line:110] INFO 正在生成短链接...
2018-05-08 23:43:26,336bot.py[line:70] INFO twitting <twitter.Tweet object at 0x107c70be0> ...
2018-05-08 23:44:59,699bot.py[line:25] INFO session started.
2018-05-08 23:45:01,797twitter.py[line:107] INFO 计算原文中 url 个数和字符数...
2018-05-08 23:45:01,797twitter.py[line:110] INFO 正在生成短链接...
2018-05-08 23:45:03,417bot.py[line:70] INFO twitting The new governor of South Korea’s Financial Supervisory Service, Yoon Suk-heun said FSS will consider easing cryptocurrency regulations. “The FSC inspects policies, while the FSS examines and supervises financial institutions but with the oversight of the FSC.”
#DailyFAS
https://coinjournal.net/s-korea-new-fss-governor-to-ease-cryptocurrency-regulation/ ...
2018-05-08 23:47:29,646bot.py[line:25] INFO session started.
2018-05-08 23:47:31,729twitter.py[line:111] INFO 计算原文中 url 个数和字符数...
2018-05-08 23:47:31,729twitter.py[line:114] INFO 正在生成短链接...
2018-05-08 23:47:33,242bot.py[line:70] INFO twitting The new governor of South Korea’s Financial Supervisory Service, Yoon Suk-heun said FSS will consider easing cryptocurrency regulations. “The FSC inspects policies, while the FSS examines and supervises financial institutions but with the oversight of the FSC.”
#DailyFAS
https://coinjournal.net/s-korea-new-fss-governor-to-ease-cryptocurrency-regulation/ ...
2018-05-08 23:48:33,416bot.py[line:25] INFO session started.
2018-05-08 23:48:35,258twitter.py[line:113] INFO 计算原文中 url 个数和字符数...
2018-05-08 23:48:35,258twitter.py[line:116] INFO 正在生成短链接...
2018-05-08 23:52:28,233bot.py[line:25] INFO session started.
2018-05-08 23:52:31,087twitter.py[line:111] INFO 计算原文中 url 个数和字符数...
2018-05-08 23:52:31,087twitter.py[line:114] INFO 正在生成短链接...
2018-05-08 23:52:32,655bot.py[line:70] INFO twitting The new governor of South Korea’s Financial Supervisory Service, Yoon Suk-heun said FSS will consider easing cryptocurrency regulations. “The FSC inspects policies, while the FSS examines and supervises financial institutions but with the oversight of the FSC.”
#DailyFAS
https://coinjournal.net/s-korea-new-fss-governor-to-ease-cryptocurrency-regulation/ ...
2018-05-08 23:52:33,951twitter.py[line:111] INFO 计算原文中 url 个数和字符数...
2018-05-08 23:52:33,951twitter.py[line:114] INFO 正在生成短链接...
2018-05-08 23:52:35,519bot.py[line:70] INFO twitting The new governor of South Korea’s Financial Supervisory Service, Yoon Suk-heun said FSS will consider easing cryptocurrency regulations. “The FSC inspects policies, while the FSS examines and supervises financial institutions but with the oversight of the FSC.”
https://coinjournal.net/s-korea-new-fss-governor-to-ease-cryptocurrency-regulation/ ...
2018-05-08 23:52:36,819twitter.py[line:111] INFO 计算原文中 url 个数和字符数...
2018-05-08 23:52:36,819twitter.py[line:114] INFO 正在生成短链接...
2018-05-08 23:52:38,404bot.py[line:70] INFO twitting The new governor of South Korea’s Financial Supervisory Service, Yoon Suk-heun said FSS will consider easing cryptocurrency regulations. “The FSC inspects policies, while the FSS examines and supervises financial institutions but with the oversight of the FSC.”
#DailyFAS
https://coinjournal.net/s-korea-new-fss-governor-to-ease-cryptocurrency-regulation/ ...
2018-05-08 23:52:46,001twitter.py[line:111] INFO 计算原文中 url 个数和字符数...
2018-05-08 23:52:46,001twitter.py[line:114] INFO 正在生成短链接...
2018-05-08 23:52:47,568bot.py[line:70] INFO twitting The new governor of South Korea’s Financial Supervisory Service, Yoon Suk-heun said FSS will consider easing cryptocurrency regulations. “The FSC inspects policies, while the FSS examines and supervises financial institutions but with the oversight of the FSC.”
#DailyFAS
https://coinjournal.net/s-korea-new-fss-governor-to-ease-cryptocurrency-regulation/ ...
2018-05-08 23:52:56,293twitter.py[line:111] INFO 计算原文中 url 个数和字符数...
2018-05-08 23:52:56,293twitter.py[line:114] INFO 正在生成短链接...
2018-05-08 23:52:58,021bot.py[line:70] INFO twitting The new governor of South Korea’s Financial Supervisory Service, Yoon Suk-heun said FSS will consider easing cryptocurrency regulations. “The FSC inspects policies, while the FSS examines and supervises financial institutions but with the oversight of the FSC.”
https://coinjournal.net/s-korea-new-fss-governor-to-ease-cryptocurrency-regulation/ ...
2018-05-08 23:53:06,732bot.py[line:70] INFO twitting The new governor of South Korea’s Financial Supervisory Service, Yoon Suk-heun said FSS will consider easing cryptocurrency regulations. “The FSC inspects policies, while the FSS examines and supervises financial institutions but with the oversight of the FSC.” ...
2018-05-08 23:53:07,595twitter.py[line:68] INFO 与推特服务器通讯中...
2018-05-08 23:53:29,171twitter.py[line:111] INFO 计算原文中 url 个数和字符数...
2018-05-08 23:53:29,171twitter.py[line:114] INFO 正在生成短链接...
2018-05-08 23:53:30,825bot.py[line:70] INFO twitting #DailyFAS
https://coinjournal.net/s-korea-new-fss-governor-to-ease-cryptocurrency-regulation/ ...
2018-05-08 23:53:31,626twitter.py[line:68] INFO 与推特服务器通讯中...
2018-05-09 09:58:54,434bot.py[line:25] INFO session started.
2018-05-09 09:59:16,081twitter.py[line:103] INFO 计算原文中 url 个数和字符数...
2018-05-09 09:59:16,082twitter.py[line:106] INFO 正在生成短链接...
2018-05-09 09:59:17,758bot.py[line:70] INFO twitting The new governor of South Korea’s Financial Supervisory Service, Yoon Suk-heun said FSS will consider easing cryptocurrency regulations. “The FSC inspects policies, while the FSS examines and supervises financial institutions but with the oversight of the FSC.”
#DailyFAS
https://coinjournal.net/s-korea-new-fss-governor-to-ease-cryptocurrency-regulation/ ...
2018-05-09 10:03:28,581twitter.py[line:103] INFO 计算原文中 url 个数和字符数...
2018-05-09 10:03:28,583twitter.py[line:106] INFO 正在生成短链接...
2018-05-09 10:12:48,472twitter.py[line:103] INFO 计算原文中 url 个数和字符数...
2018-05-09 10:12:48,475twitter.py[line:106] INFO 正在生成短链接...
2018-05-09 10:39:43,793twitter.py[line:103] INFO 计算原文中 url 个数和字符数...
2018-05-09 10:39:43,796twitter.py[line:106] INFO 正在生成短链接...
2018-05-09 11:34:15,979twitter.py[line:104] INFO 计算原文中 url 个数和字符数...
2018-05-09 11:34:15,982twitter.py[line:108] INFO 原文中1个 url，共83个字符
2018-05-09 11:34:15,982twitter.py[line:109] INFO 正在生成短链接...
2018-05-09 11:34:17,888twitter.py[line:111] INFO 短链接搞定
2018-05-09 11:36:36,933twitter.py[line:104] INFO 计算原文中 url 个数和字符数...
2018-05-09 11:36:36,933twitter.py[line:108] INFO 原文中1个 url，共83个字符
2018-05-09 11:36:36,933twitter.py[line:109] INFO 正在生成短链接...
2018-05-09 11:36:38,726twitter.py[line:111] INFO 短链接搞定
